TN:
SF:src\App.jsx
FN:9,(anonymous_0)
FN:9,(anonymous_1)
FN:15,(anonymous_2)
FN:30,(anonymous_3)
FN:31,(anonymous_4)
FN:32,(anonymous_5)
FNF:6
FNH:3
FNDA:1,(anonymous_0)
FNDA:1,(anonymous_1)
FNDA:4,(anonymous_2)
FNDA:0,(anonymous_3)
FNDA:0,(anonymous_4)
FNDA:0,(anonymous_5)
DA:9,1
DA:15,1
DA:16,4
DA:17,4
DA:19,4
DA:20,2
DA:22,2
DA:23,1
DA:26,1
DA:27,1
DA:29,1
DA:30,0
DA:31,0
DA:32,0
DA:35,1
LF:15
LH:12
BRDA:19,0,0,2
BRDA:19,0,1,2
BRDA:22,1,0,1
BRDA:22,1,1,1
BRDA:29,2,0,0
BRDA:29,2,1,1
BRDA:29,3,0,1
BRDA:29,3,1,0
BRF:8
BRH:6
end_of_record
TN:
SF:src\ErrorMessage.jsx
FN:3,(anonymous_0)
FNF:1
FNH:1
FNDA:1,(anonymous_0)
DA:3,2
DA:4,1
LF:2
LH:2
BRF:0
BRH:0
end_of_record
TN:
SF:src\LoadingSpinner.jsx
FN:3,(anonymous_0)
FNF:1
FNH:1
FNDA:6,(anonymous_0)
DA:3,2
DA:4,6
LF:2
LH:2
BRF:0
BRH:0
end_of_record
TN:
SF:src\PokemonAbility.jsx
FN:3,(anonymous_0)
FNF:1
FNH:1
FNDA:8,(anonymous_0)
DA:3,2
DA:4,8
LF:2
LH:2
BRF:0
BRH:0
end_of_record
TN:
SF:src\PokemonList.jsx
FN:4,(anonymous_0)
FN:7,(anonymous_1)
FNF:2
FNH:2
FNDA:2,(anonymous_0)
FNDA:3,(anonymous_1)
DA:4,2
DA:5,2
DA:8,3
LF:3
LH:3
BRF:0
BRH:0
end_of_record
TN:
SF:src\PokemonPage.jsx
FN:8,(anonymous_0)
FN:10,(anonymous_1)
FN:21,(anonymous_2)
FN:22,(anonymous_3)
FN:26,(anonymous_4)
FN:27,(anonymous_5)
FN:43,(anonymous_6)
FNF:7
FNH:7
FNDA:16,(anonymous_0)
FNDA:8,(anonymous_1)
FNDA:4,(anonymous_2)
FNDA:8,(anonymous_3)
FNDA:8,(anonymous_4)
FNDA:4,(anonymous_5)
FNDA:8,(anonymous_6)
DA:8,16
DA:10,2
DA:11,8
DA:12,8
DA:14,8
DA:15,4
DA:17,4
DA:18,0
DA:21,4
DA:22,8
DA:26,8
DA:27,4
DA:29,4
DA:44,8
LF:14
LH:13
BRDA:14,0,0,4
BRDA:14,0,1,4
BRDA:17,1,0,0
BRDA:17,1,1,4
BRDA:32,2,0,4
BRDA:32,2,1,1
BRDA:34,3,0,4
BRDA:34,3,1,1
BRDA:53,4,0,4
BRDA:53,4,1,4
BRDA:54,5,0,4
BRDA:54,5,1,4
BRF:12
BRH:11
end_of_record
TN:
SF:src\useApi.js
FN:4,(anonymous_0)
FN:4,(anonymous_1)
FN:8,(anonymous_2)
FN:12,(anonymous_3)
FN:14,(anonymous_4)
FNF:5
FNH:5
FNDA:12,(anonymous_0)
FNDA:4,(anonymous_1)
FNDA:6,(anonymous_2)
FNDA:5,(anonymous_3)
FNDA:6,(anonymous_4)
DA:4,4
DA:5,12
DA:6,12
DA:7,12
DA:8,12
DA:9,6
DA:10,6
DA:12,5
DA:14,6
DA:17,12
LF:10
LH:10
BRDA:4,0,0,8
BRF:1
BRH:1
end_of_record
